#
# There is insufficient memory for the Java Runtime Environment to continue.
# Native memory allocation (mmap) failed to map 134217728 bytes for G1 virtual space
# Possible reasons:
#   The system is out of physical RAM or swap space
#   The process is running with CompressedOops enabled, and the Java Heap may be blocking the growth of the native heap
# Possible solutions:
#   Reduce memory load on the system
#   Increase physical memory or swap space
#   Check if swap backing store is full
#   Decrease Java heap size (-Xmx/-Xms)
#   Decrease number of Java threads
#   Decrease Java thread stack sizes (-Xss)
#   Set larger code cache with -XX:ReservedCodeCacheSize=
#   JVM is running with Unscaled Compressed Oops mode in which the Java heap is
#     placed in the first 4GB address space. The Java Heap base address is the
#     maximum limit for the native heap growth. Please use -XX:HeapBaseMinAddress
#     to set the Java Heap base and to place the Java Heap above 4GB virtual address.
# This output file may be truncated or incomplete.
#
#  Out of Memory Error (os_windows.cpp:3548), pid=4980, tid=4236
#
# JRE version:  (17.0.10+11) (build )
# Java VM: Java HotSpot(TM) 64-Bit Server VM (17.0.10+11-LTS-240, mixed mode, sharing, tiered, compressed oops, compressed class ptrs, g1 gc, windows-amd64)
# No core dump will be written. Minidumps are not enabled by default on client versions of Windows
#

---------------  S U M M A R Y ------------

Command Line: -Dnet.bytebuddy.agent.attacher.dump= net.bytebuddy.agent.Attacher com.sun.tools.attach.VirtualMachine 16564 C:\Users\DELL\.m2\repository\net\bytebuddy\byte-buddy-agent\1.15.11\byte-buddy-agent-1.15.11.jar false 

Host: Intel(R) Core(TM) i7-6600U CPU @ 2.60GHz, 4 cores, 7G,  Windows 10 , 64 bit Build 19041 (10.0.19041.5915)
Time: Sun Dec 14 13:53:15 2025 Maroc (heure d64 bit Build 19041 (10.0.19041.5915) elapsed time: 0.014521 seconds (0d 0h 0m 0s)

---------------  T H R E A D  ---------------

Current thread (0x00000238fc52b670):  JavaThread "Unknown thread" [_thread_in_vm, id=4236, stack(0x000000d7f8d00000,0x000000d7f8e00000)]

Stack: [0x000000d7f8d00000,0x000000d7f8e00000]
Native frames: (J=compiled Java code, j=interpreted, Vv=VM code, C=native code)
V  [jvm.dll+0x677a5a]
V  [jvm.dll+0x7d8b2d]
V  [jvm.dll+0x7da48e]
V  [jvm.dll+0x7daaf3]
V  [jvm.dll+0x2455ff]
V  [jvm.dll+0x6749b9]
V  [jvm.dll+0x669382]
V  [jvm.dll+0x302e96]
V  [jvm.dll+0x30a416]
V  [jvm.dll+0x359cbe]
V  [jvm.dll+0x359eef]
V  [jvm.dll+0x2d9e88]
V  [jvm.dll+0x2dadf4]
V  [jvm.dll+0x7aa551]
V  [jvm.dll+0x367911]
V  [jvm.dll+0x789639]
V  [jvm.dll+0x3eb30f]
V  [jvm.dll+0x3ecd91]
C  [jli.dll+0x5297]
C  [ucrtbase.dll+0x21bb2]
C  [KERNEL32.DLL+0x17374]
C  [ntdll.dll+0x4cc91]


---------------  P R O C E S S  ---------------

Threads class SMR info:
_java_thread_list=0x00007ffb58546a18, length=0, elements={
}

Java Threads: ( => current thread )

Other Threads:
  0x00000238fc585e20 GCTaskThread "GC Thread#0" [stack: 0x000000d7f8e00000,0x000000d7f8f00000] [id=10784]
  0x00000238fc5979c0 ConcurrentGCThread "G1 Main Marker" [stack: 0x000000d7f8f00000,0x000000d7f9000000] [id=18572]
  0x00000238fc598b70 ConcurrentGCThread "G1 Conc#0" [stack: 0x000000d7f9000000,0x000000d7f9100000] [id=6436]

[error occurred during error reporting (printing all threads), id 0xc0000005, EXCEPTION_ACCESS_VIOLATION (0xc0000005) at pc=0x00007ffb57d7aae7]

VM state: not at safepoint (not fully initialized)

VM Mutex/Monitor currently owned by a thread:  ([mutex/lock_event])
[0x00000238fc525d10] Heap_lock - owner thread: 0x00000238fc52b670

Heap address: 0x0000000081e00000, size: 2018 MB, Compressed Oops mode: 32-bit

CDS archive(s) mapped at: [0x0000000000000000-0x0000000000000000-0x0000000000000000), size 0, SharedBaseAddress: 0x0000000800000000, ArchiveRelocationMode: 1.
Narrow klass base: 0x0000000000000000, Narrow klass shift: 0, Narrow klass range: 0x0

GC Precious Log:
<Empty>

Heap:
 garbage-first heap   total 0K, used 0K [0x0000000081e00000, 0x0000000100000000)
  region size 1024K, 0 young (0K), 0 survivors (0K)

[error occurred during error reporting (printing heap information), id 0xc0000005, EXCEPTION_ACCESS_VIOLATION (0xc0000005) at pc=0x00007ffb58161249]

GC Heap History (0 events):
No events

Deoptimization events (0 events):
No events

Classes unloaded (0 events):
No events

Classes redefined (0 events):
No events

Internal exceptions (0 events):
No events

VM Operations (0 events):
No events

Events (1 events):
Event: 0.010 Loaded shared library C:\Program Files\Java\jdk-17\bin\java.dll


Dynamic libraries:
0x00007ff7be3a0000 - 0x00007ff7be3b0000 	C:\Program Files\Java\jdk-17\bin\java.exe
0x00007ffbcf1d0000 - 0x00007ffbcf3c8000 	C:\WINDOWS\SYSTEM32\ntdll.dll
0x00007ffbcdf30000 - 0x00007ffbcdff2000 	C:\WINDOWS\System32\KERNEL32.DLL
0x00007ffbcce50000 - 0x00007ffbcd146000 	C:\WINDOWS\System32\KERNELBASE.dll
0x00007ffbccd50000 - 0x00007ffbcce50000 	C:\WINDOWS\System32\ucrtbase.dll
0x00007ffbc5be0000 - 0x00007ffbc5bfb000 	C:\Program Files\Java\jdk-17\bin\VCRUNTIME140.dll
0x00007ffbc5f30000 - 0x00007ffbc5f49000 	C:\Program Files\Java\jdk-17\bin\jli.dll
0x00007ffbcdda0000 - 0x00007ffbcde51000 	C:\WINDOWS\System32\ADVAPI32.dll
0x00007ffbce3e0000 - 0x00007ffbce47e000 	C:\WINDOWS\System32\msvcrt.dll
0x00007ffbcf0e0000 - 0x00007ffbcf17f000 	C:\WINDOWS\System32\sechost.dll
0x00007ffbcdc50000 - 0x00007ffbcdd70000 	C:\WINDOWS\System32\RPCRT4.dll
0x00007ffbcc930000 - 0x00007ffbcc957000 	C:\WINDOWS\System32\bcrypt.dll
0x00007ffbcd200000 - 0x00007ffbcd3a1000 	C:\WINDOWS\System32\USER32.dll
0x00007ffbccac0000 - 0x00007ffbccae2000 	C:\WINDOWS\System32\win32u.dll
0x00007ffbb62b0000 - 0x00007ffbb654b000 	C:\WINDOWS\WinSxS\amd64_microsoft.windows.common-controls_6595b64144ccf1df_6.0.19041.6456_none_60b8a6cb71f64256\COMCTL32.dll
0x00007ffbcdd70000 - 0x00007ffbcdd9b000 	C:\WINDOWS\System32\GDI32.dll
0x00007ffbccba0000 - 0x00007ffbcccb9000 	C:\WINDOWS\System32\gdi32full.dll
0x00007ffbcd150000 - 0x00007ffbcd1ed000 	C:\WINDOWS\System32\msvcp_win.dll
0x00007ffbbbb10000 - 0x00007ffbbbb1a000 	C:\WINDOWS\SYSTEM32\VERSION.dll
0x00007ffbce650000 - 0x00007ffbce67f000 	C:\WINDOWS\System32\IMM32.DLL
0x00007ffbc5bd0000 - 0x00007ffbc5bdc000 	C:\Program Files\Java\jdk-17\bin\vcruntime140_1.dll
0x00007ffba87f0000 - 0x00007ffba887e000 	C:\Program Files\Java\jdk-17\bin\msvcp140.dll
0x00007ffb57a90000 - 0x00007ffb5866f000 	C:\Program Files\Java\jdk-17\bin\server\jvm.dll
0x00007ffbcd3b0000 - 0x00007ffbcd3b8000 	C:\WINDOWS\System32\PSAPI.DLL
0x00007ffbb5e50000 - 0x00007ffbb5e77000 	C:\WINDOWS\SYSTEM32\WINMM.dll
0x00007ffbb33a0000 - 0x00007ffbb33a9000 	C:\WINDOWS\SYSTEM32\WSOCK32.dll
0x00007ffbce680000 - 0x00007ffbce6eb000 	C:\WINDOWS\System32\ws2_32.DLL
0x00007ffbcb030000 - 0x00007ffbcb042000 	C:\WINDOWS\SYSTEM32\kernel.appcore.dll
0x00007ffbc5bc0000 - 0x00007ffbc5bca000 	C:\Program Files\Java\jdk-17\bin\jimage.dll
0x00007ffbca550000 - 0x00007ffbca751000 	C:\WINDOWS\SYSTEM32\DBGHELP.DLL
0x00007ffbb00d0000 - 0x00007ffbb0104000 	C:\WINDOWS\SYSTEM32\dbgcore.DLL
0x00007ffbcccc0000 - 0x00007ffbccd42000 	C:\WINDOWS\System32\bcryptPrimitives.dll
0x00007ffbb19e0000 - 0x00007ffbb1a05000 	C:\Program Files\Java\jdk-17\bin\java.dll

dbghelp: loaded successfully - version: 4.0.5 - missing functions: none
symbol engine: initialized successfully - sym options: 0x614 - pdb path: .;C:\Program Files\Java\jdk-17\bin;C:\WINDOWS\SYSTEM32;C:\WINDOWS\WinSxS\amd64_microsoft.windows.common-controls_6595b64144ccf1df_6.0.19041.6456_none_60b8a6cb71f64256;C:\Program Files\Java\jdk-17\bin\server

VM Arguments:
jvm_args: -Dnet.bytebuddy.agent.attacher.dump= 
java_command: net.bytebuddy.agent.Attacher com.sun.tools.attach.VirtualMachine 16564 C:\Users\DELL\.m2\repository\net\bytebuddy\byte-buddy-agent\1.15.11\byte-buddy-agent-1.15.11.jar false 
java_class_path (initial): C:\Users\DELL\.m2\repository\net\bytebuddy\byte-buddy-agent\1.15.11\byte-buddy-agent-1.15.11.jar
Launcher Type: SUN_STANDARD

[Global flags]
     intx CICompilerCount                          = 3                                         {product} {ergonomic}
     uint ConcGCThreads                            = 1                                         {product} {ergonomic}
     uint G1ConcRefinementThreads                  = 4                                         {product} {ergonomic}
   size_t G1HeapRegionSize                         = 1048576                                   {product} {ergonomic}
    uintx GCDrainStackTargetSize                   = 64                                        {product} {ergonomic}
   size_t InitialHeapSize                          = 134217728                                 {product} {ergonomic}
   size_t MarkStackSize                            = 4194304                                   {product} {ergonomic}
   size_t MaxHeapSize                              = 2116026368                                {product} {ergonomic}
   size_t MinHeapDeltaBytes                        = 1048576                                   {product} {ergonomic}
   size_t MinHeapSize                              = 8388608                                   {product} {ergonomic}
    uintx NonNMethodCodeHeapSize                   = 5832780                                {pd product} {ergonomic}
    uintx NonProfiledCodeHeapSize                  = 122912730                              {pd product} {ergonomic}
    uintx ProfiledCodeHeapSize                     = 122912730                              {pd product} {ergonomic}
    uintx ReservedCodeCacheSize                    = 251658240                              {pd product} {ergonomic}
     bool SegmentedCodeCache                       = true                                      {product} {ergonomic}
   size_t SoftMaxHeapSize                          = 2116026368                             {manageable} {ergonomic}
     bool UseCompressedClassPointers               = true                           {product lp64_product} {ergonomic}
     bool UseCompressedOops                        = true                           {product lp64_product} {ergonomic}
     bool UseG1GC                                  = true                                      {product} {ergonomic}
     bool UseLargePagesIndividualAllocation        = false                                  {pd product} {ergonomic}

Logging:
Log output configuration:
 #0: stdout all=warning uptime,level,tags
 #1: stderr all=off uptime,level,tags

Environment Variables:
PATH=C:\Program Files (x86)\VMware\VMware Workstation\bin\;C:\Program Files\Common Files\Oracle\Java\javapath;"C:\msys64\mingw64\bin;C:\msys64\usr\bin;C:\Program Files (x86)\Embarcadero\Studio\23.0\bin";C:\WINDOWS\system32;C:\WINDOWS;C:\WINDOWS\System32\Wbem;C:\WINDOWS\System32\WindowsPowerShell\v1.0\;C:\WINDOWS\System32\OpenSSH\;C:\Program Files (x86)\Windows Kits\10\Windows Performance Toolkit\;C:\Program Files (x86)\Microsoft SQL Server\160\Tools\Binn\;C:\Program Files\Microsoft SQL Server\160\Tools\Binn\;C:\Program Files\Microsoft SQL Server\Client SDK\ODBC\170\Tools\Binn\;C:\Program Files\Microsoft SQL Server\160\DTS\Binn\;C:\Program Files\Azure Data Studio\bin;C:\Program Files\MySQL\MySQL Server 8.0\bin;D:\mplab_platform\bin;C:\Program Files\Git\cmd;C:\Program Files\Java\jdk-21\bin;C:\Program Files\Java\jdk-17\bin;C:\xampp\php;C:\ProgramData\ComposerSetup\bin;C:\Users\DELL\Documents\javafx-sdk-17.0.10\lib;C:\Program Files\Java\jdk-17\bin;C:\ffmpeg-2024-07-15-git-350146a1ea-full_build\bin;C:\Program Files\nodejs\;D:\apache-maven-3.9.9\bin;C:\Program Files\Docker\Docker\resources\bin;D:\sonar-scanner\sonar-scanner-7.3.0.5189-windows-x64\bin;C:\Program Files\MySQL\MySQL Shell 8.0\bin\;C:\Users\DELL\AppData\Local\Programs\Python\Python311\Scripts\;C:\Users\DELL\AppData\Local\Programs\Python\Python311\;C:\Users\DELL\AppData\Local\Microsoft\WindowsApps;D:\Microsoft VS Code\bin;C:\Program Files\Azure Data Studio\bin;C:\msys64\mingw64\bin;C:\Users\DELL\AppData\Roaming\Composer\vendor\bin;C:\xampp\php;C:\Users\DELL\Documents\javafx-sdk-17.0.10\bin;C:\Users\DELL\Documents\javafx-sdk-17.0.10\lib;;D:\IntelliJ IDEA 2024.3.3\bin;;C:\Program Files\JetBrains\IntelliJ IDEA Community Edition 2024.1.2\bin;;C:\Users\DELL\AppData\Roaming\npm
USERNAME=DELL
OS=Windows_NT
PROCESSOR_IDENTIFIER=Intel64 Family 6 Model 78 Stepping 3, GenuineIntel



---------------  S Y S T E M  ---------------

OS:
 Windows 10 , 64 bit Build 19041 (10.0.19041.5915)
OS uptime: 1 days 20:12 hours
Hyper-V role detected

CPU: total 4 (initial active 4) (2 cores per cpu, 2 threads per core) family 6 model 78 stepping 3 microcode 0xec, cx8, cmov, fxsr, ht, mmx, 3dnowpref, sse, sse2, sse3, ssse3, sse4.1, sse4.2, popcnt, lzcnt, tsc, tscinvbit, avx, avx2, aes, erms, clmul, bmi1, bmi2, rtm, adx, fma, vzeroupper, clflush, clflushopt, hv

Memory: 4k page, system-wide physical 8068M (263M free)
TotalPageFile size 20568M (AvailPageFile size 69M)
current process WorkingSet (physical memory assigned to process): 10M, peak: 10M
current process commit charge ("private bytes"): 51M, peak: 179M

vm_info: Java HotSpot(TM) 64-Bit Server VM (17.0.10+11-LTS-240) for windows-amd64 JRE (17.0.10+11-LTS-240), built on Dec 19 2023 21:47:25 by "mach5one" with MS VC++ 17.1 (VS2022)

END.
